<?xml version="1.0" encoding="UTF-8"?>
<testng-results skipped="0" failed="0" ignored="0" total="4" passed="4">
  <reporter-output>
  </reporter-output>
  <suite name="Default suite" duration-ms="670" started-at="2021-12-10T08:41:38Z" finished-at="2021-12-10T08:41:38Z">
    <groups>
    </groups>
    <test name="Default test" duration-ms="670" started-at="2021-12-10T08:41:38Z" finished-at="2021-12-10T08:41:38Z">
      <class name="com.test.LoginTest">
        <test-method status="PASS" signature="setUp()[pri:0, instance:com.test.LoginTest@57536d79]" name="setUp" is-config="true" duration-ms="3923" started-at="2021-12-10T08:41:34Z" finished-at="2021-12-10T08:41:38Z">
          <reporter-output>
          </reporter-output>
        </test-method> <!-- setUp -->
        <test-method status="PASS" signature="loginTitle()[pri:1, instance:com.test.LoginTest@57536d79]" name="loginTitle" duration-ms="20" started-at="2021-12-10T08:41:38Z" finished-at="2021-12-10T08:41:38Z">
          <reporter-output>
          </reporter-output>
        </test-method> <!-- loginTitle -->
        <test-method status="PASS" signature="loginLogo()[pri:2, instance:com.test.LoginTest@57536d79]" name="loginLogo" duration-ms="93" started-at="2021-12-10T08:41:38Z" finished-at="2021-12-10T08:41:38Z">
          <reporter-output>
          </reporter-output>
        </test-method> <!-- loginLogo -->
        <test-method status="PASS" signature="loginLable()[pri:3, instance:com.test.LoginTest@57536d79]" name="loginLable" duration-ms="39" started-at="2021-12-10T08:41:38Z" finished-at="2021-12-10T08:41:38Z">
          <reporter-output>
          </reporter-output>
        </test-method> <!-- loginLable -->
        <test-method status="PASS" signature="loginApp()[pri:4, instance:com.test.LoginTest@57536d79]" name="loginApp" duration-ms="478" started-at="2021-12-10T08:41:38Z" finished-at="2021-12-10T08:41:38Z">
          <reporter-output>
          </reporter-output>
        </test-method> <!-- loginApp -->
      </class> <!-- com.test.LoginTest -->
    </test> <!-- Default test -->
  </suite> <!-- Default suite -->
</testng-results>
